<?xml version="1.0" encoding="UTF-8"?>
<!-- Generated by org.testng.reporters.JUnitReportReporter -->
<testsuite hostname="PWLAP2566" failures="0" tests="1" name="Test_cases.TC_01" time="35.356" errors="0" timestamp="2024-05-10T11:15:28 IST" skipped="0">
  <testcase classname="Test_cases.TC_01" name="test1" time="35.356"/>
</testsuite> <!-- Test_cases.TC_01 -->
