<?xml version="1.0" encoding="UTF-8"?>
<!-- Generated by org.testng.reporters.JUnitReportReporter -->
<testsuite hostname="PWLAP2566" failures="0" tests="1" name="test_baseclass.Test_baseclass" time="26.729" errors="0" timestamp="2023-12-04T18:00:05 IST" skipped="0">
  <testcase classname="test_baseclass.Test_baseclass" name="test1" time="26.729"/>
</testsuite> <!-- test_baseclass.Test_baseclass -->
