<?xml version="1.0" encoding="UTF-8"?>
<!-- Generated by org.testng.reporters.JUnitReportReporter -->
<testsuite hostname="PWLAP2566" failures="0" tests="1" name="Test_cases.TC_22" time="0.002" errors="0" timestamp="2024-02-09T12:29:31 IST" skipped="0">
  <testcase classname="Test_cases.TC_22" name="test22" time="0.002"/>
</testsuite> <!-- Test_cases.TC_22 -->
